<?xml version="1.0" encoding="UTF-8"?>
<!-- Generated by org.testng.reporters.JUnitReportReporter -->
<testsuite hostname="DESKTOP-C6K0RRD" failures="0" tests="4" name="com.test.SampleTest" time="11.547" errors="0" timestamp="2022-12-15T16:31:48 IST" skipped="0">
  <testcase classname="com.test.SampleTest" name="testCase3" time="2.535"/>
  <system-out/>
  <testcase classname="com.test.SampleTest" name="testCase4" time="3.660"/>
  <system-out/>
  <testcase classname="com.test.SampleTest" name="testCase1" time="2.724"/>
  <system-out/>
  <testcase classname="com.test.SampleTest" name="testCase2" time="2.628"/>
  <system-out/>
</testsuite> <!-- com.test.SampleTest -->
